c:\users\khami\source\repos\mydriverwdm\exe\x64\debug\vc143.pdb
c:\users\khami\source\repos\mydriverwdm\exe\x64\debug\vc143.idb
c:\users\khami\source\repos\mydriverwdm\exe\x64\debug\testapp.obj
c:\users\khami\source\repos\mydriverwdm\exe\x64\debug\install.obj
c:\users\khami\source\repos\mydriverwdm\exe\x64\debug\concrt140d.dll
c:\users\khami\source\repos\mydriverwdm\exe\x64\debug\msvcp140d.dll
c:\users\khami\source\repos\mydriverwdm\exe\x64\debug\msvcp140d_atomic_wait.dll
c:\users\khami\source\repos\mydriverwdm\exe\x64\debug\msvcp140d_codecvt_ids.dll
c:\users\khami\source\repos\mydriverwdm\exe\x64\debug\msvcp140_1d.dll
c:\users\khami\source\repos\mydriverwdm\exe\x64\debug\msvcp140_2d.dll
c:\users\khami\source\repos\mydriverwdm\exe\x64\debug\vccorlib140d.dll
c:\users\khami\source\repos\mydriverwdm\exe\x64\debug\vcruntime140d.dll
c:\users\khami\source\repos\mydriverwdm\exe\x64\debug\vcruntime140_1d.dll
c:\users\khami\source\repos\mydriverwdm\exe\x64\debug\vcruntime140_threadsd.dll
c:\users\khami\source\repos\mydriverwdm\exe\x64\debug\vcamp140d.dll
c:\users\khami\source\repos\mydriverwdm\exe\x64\debug\mfc140d.dll
c:\users\khami\source\repos\mydriverwdm\exe\x64\debug\mfc140ud.dll
c:\users\khami\source\repos\mydriverwdm\exe\x64\debug\mfcm140d.dll
c:\users\khami\source\repos\mydriverwdm\exe\x64\debug\mfcm140ud.dll
c:\users\khami\source\repos\mydriverwdm\exe\x64\debug\vcomp140d.dll
c:\users\khami\source\repos\mydriverwdm\exe\x64\debug\libomp140.x86_64.dll
c:\users\khami\source\repos\mydriverwdm\exe\x64\debug\libomp140d.x86_64.dll
c:\users\khami\source\repos\mydriverwdm\exe\x64\debug\ucrtbased.dll
c:\users\khami\source\repos\mydriverwdm\exe\x64\debug\ioctlapp.exe
c:\users\khami\source\repos\mydriverwdm\exe\x64\debug\ioctlapp.pdb
c:\users\khami\source\repos\mydriverwdm\exe\x64\debug\ioctlapp.ilk
c:\users\khami\source\repos\mydriverwdm\exe\x64\debug\ioctlapp.tlog\cl.command.1.tlog
c:\users\khami\source\repos\mydriverwdm\exe\x64\debug\ioctlapp.tlog\cl.items.tlog
c:\users\khami\source\repos\mydriverwdm\exe\x64\debug\ioctlapp.tlog\cl.read.1.tlog
c:\users\khami\source\repos\mydriverwdm\exe\x64\debug\ioctlapp.tlog\cl.write.1.tlog
c:\users\khami\source\repos\mydriverwdm\exe\x64\debug\ioctlapp.tlog\copylocal.read.1u.tlog
c:\users\khami\source\repos\mydriverwdm\exe\x64\debug\ioctlapp.tlog\copylocal.write.1u.tlog
c:\users\khami\source\repos\mydriverwdm\exe\x64\debug\ioctlapp.tlog\link.command.1.tlog
c:\users\khami\source\repos\mydriverwdm\exe\x64\debug\ioctlapp.tlog\link.read.1.tlog
c:\users\khami\source\repos\mydriverwdm\exe\x64\debug\ioctlapp.tlog\link.secondary.1.tlog
c:\users\khami\source\repos\mydriverwdm\exe\x64\debug\ioctlapp.tlog\link.write.1.tlog
