c:\users\khami\source\repos\mydriverwdm\mydriverwdm\x64\debug\vc143.pdb
c:\users\khami\source\repos\mydriverwdm\mydriverwdm\x64\debug\main.obj
c:\users\khami\source\repos\mydriverwdm\x64\debug\mydriverwdm\mydriverwdm.cat
c:\users\khami\source\repos\mydriverwdm\x64\debug\mydriverwdm.sys
c:\users\khami\source\repos\mydriverwdm\x64\debug\mydriverwdm.pdb
c:\users\khami\source\repos\mydriverwdm\mydriverwdm\x64\debug\mydriverwdm.inf
c:\users\khami\source\repos\mydriverwdm\x64\debug\mydriverwdm.cer
c:\users\khami\source\repos\mydriverwdm\x64\debug\mydriverwdm.inf
c:\users\khami\source\repos\mydriverwdm\mydriverwdm\x64\debug\mydriverwdm.tlog\cl.command.1.tlog
c:\users\khami\source\repos\mydriverwdm\mydriverwdm\x64\debug\mydriverwdm.tlog\cl.items.tlog
c:\users\khami\source\repos\mydriverwdm\mydriverwdm\x64\debug\mydriverwdm.tlog\cl.read.1.tlog
c:\users\khami\source\repos\mydriverwdm\mydriverwdm\x64\debug\mydriverwdm.tlog\cl.write.1.tlog
c:\users\khami\source\repos\mydriverwdm\mydriverwdm\x64\debug\mydriverwdm.tlog\inf2cat-expand.8392.read.1.tlog
c:\users\khami\source\repos\mydriverwdm\mydriverwdm\x64\debug\mydriverwdm.tlog\inf2cat-expand.8392.write.1.tlog
c:\users\khami\source\repos\mydriverwdm\mydriverwdm\x64\debug\mydriverwdm.tlog\inf2cat-expand.read.1.tlog
c:\users\khami\source\repos\mydriverwdm\mydriverwdm\x64\debug\mydriverwdm.tlog\inf2cat-expand.write.1.tlog
c:\users\khami\source\repos\mydriverwdm\mydriverwdm\x64\debug\mydriverwdm.tlog\inf2cat.command.1.tlog
c:\users\khami\source\repos\mydriverwdm\mydriverwdm\x64\debug\mydriverwdm.tlog\inf2cat.read.1.tlog
c:\users\khami\source\repos\mydriverwdm\mydriverwdm\x64\debug\mydriverwdm.tlog\inf2cat.write.1.tlog
c:\users\khami\source\repos\mydriverwdm\mydriverwdm\x64\debug\mydriverwdm.tlog\link.command.1.tlog
c:\users\khami\source\repos\mydriverwdm\mydriverwdm\x64\debug\mydriverwdm.tlog\link.read.1.tlog
c:\users\khami\source\repos\mydriverwdm\mydriverwdm\x64\debug\mydriverwdm.tlog\link.secondary.1.tlog
c:\users\khami\source\repos\mydriverwdm\mydriverwdm\x64\debug\mydriverwdm.tlog\link.write.1.tlog
c:\users\khami\source\repos\mydriverwdm\mydriverwdm\x64\debug\mydriverwdm.tlog\signtool.command.1.tlog
c:\users\khami\source\repos\mydriverwdm\mydriverwdm\x64\debug\mydriverwdm.tlog\signtool.read.1.tlog
c:\users\khami\source\repos\mydriverwdm\mydriverwdm\x64\debug\mydriverwdm.tlog\signtool.timestamp.1.tlog
c:\users\khami\source\repos\mydriverwdm\mydriverwdm\x64\debug\mydriverwdm.tlog\signtool.write.1.tlog
c:\users\khami\source\repos\mydriverwdm\mydriverwdm\x64\debug\mydriverwdm.tlog\stampinf.command.1.tlog
c:\users\khami\source\repos\mydriverwdm\mydriverwdm\x64\debug\mydriverwdm.tlog\stampinf.read.1.tlog
c:\users\khami\source\repos\mydriverwdm\mydriverwdm\x64\debug\mydriverwdm.tlog\stampinf.write.1.tlog
